生成启动时间为 2014/1/8 12:14:30。
     1>项目“D:\wqq\cocos2dx\cocos2d-x-3.0alpha1\qqextand\libQQExpand\proj.win32\libQQExpand.vcxproj”在节点 2 上(Build 个目标)。
     1>ClCompile:
         D:\Program Files (x86)\Microsoft Visual Studio 11.0\VC\bin\CL.exe /c /I"D:\wqq\cocos2dx\cocos2d-x-3.0alpha1\cocos\2d\..\..\\" /I"D:\wqq\cocos2dx\cocos2d-x-3.0alpha1\cocos\2d\..\..\cocos" /I"D:\wqq\cocos2dx\cocos2d-x-3.0alpha1\cocos\2d\..\..\cocos\2d" /I"D:\wqq\cocos2dx\cocos2d-x-3.0alpha1\cocos\2d\..\..\cocos\gui" /I"D:\wqq\cocos2dx\cocos2d-x-3.0alpha1\cocos\2d\..\..\cocos\base" /I"D:\wqq\cocos2dx\cocos2d-x-3.0alpha1\cocos\2d\..\..\cocos\physics" /I"D:\wqq\cocos2dx\cocos2d-x-3.0alpha1\cocos\2d\..\..\cocos\math\kazmath\include" /I"D:\wqq\cocos2dx\cocos2d-x-3.0alpha1\cocos\2d\..\..\cocos\2d\platform\win32" /I"D:\wqq\cocos2dx\cocos2d-x-3.0alpha1\cocos\2d\..\..\external\glfw3\include\win32" /I"D:\wqq\cocos2dx\cocos2d-x-3.0alpha1\cocos\2d\..\..\external\win32-specific\gles\include\OGLES" /ZI /nologo /W3 /WX- /MP /Od /Oy- /D WIN32 /D _DEBUG /D _WINDOWS /D _LIB /D COCOS2DXWIN32_EXPORTS /D GL_GLEXT_PROTOTYPES /D COCOS2D_DEBUG=1 /D _CRT_SECURE_NO_WARNINGS /D _SCL_SECURE_NO_WARNINGS /D _VARIADIC_MAX=10 /D _USING_V110_SDK71_ /D _UNICODE /D UNICODE /Gm /EHsc /RTC1 /MDd /GS /fp:precise /Zc:wchar_t /Zc:forScope /Fo"Debug\\" /Fd"Debug\vc110.pdb" /Gd /TP /analyze- /errorReport:prompt ..\ShuiboAction.cpp
         ShuiboAction.cpp
     1>d:\wqq\cocos2dx\cocos2d-x-3.0alpha1\qqextand\libqqexpand\shuiboaction.cpp(37): warning C4244: “初始化”: 从“float”转换到“int”，可能丢失数据
     1>d:\wqq\cocos2dx\cocos2d-x-3.0alpha1\qqextand\libqqexpand\shuiboaction.cpp(46): warning C4244: “=”: 从“float”转换到“int”，可能丢失数据
     1>d:\wqq\cocos2dx\cocos2d-x-3.0alpha1\qqextand\libqqexpand\shuiboaction.cpp(84): warning C4244: “初始化”: 从“float”转换到“int”，可能丢失数据
     1>d:\wqq\cocos2dx\cocos2d-x-3.0alpha1\qqextand\libqqexpand\shuiboaction.cpp(235): warning C4244: “初始化”: 从“float”转换到“int”，可能丢失数据
     1>d:\wqq\cocos2dx\cocos2d-x-3.0alpha1\qqextand\libqqexpand\shuiboaction.cpp(293): warning C4244: “初始化”: 从“float”转换到“unsigned int”，可能丢失数据
     1>d:\wqq\cocos2dx\cocos2d-x-3.0alpha1\qqextand\libqqexpand\shuiboaction.cpp(299): warning C4244: “参数”: 从“float”转换到“size_t”，可能丢失数据
     1>d:\wqq\cocos2dx\cocos2d-x-3.0alpha1\qqextand\libqqexpand\shuiboaction.cpp(310): warning C4244: “初始化”: 从“float”转换到“int”，可能丢失数据
     1>d:\wqq\cocos2dx\cocos2d-x-3.0alpha1\qqextand\libqqexpand\shuiboaction.cpp(363): warning C4244: “参数”: 从“float”转换到“size_t”，可能丢失数据
     1>d:\wqq\cocos2dx\cocos2d-x-3.0alpha1\qqextand\libqqexpand\shuiboaction.cpp(371): warning C4244: “初始化”: 从“const float”转换到“int”，可能丢失数据
     1>d:\wqq\cocos2dx\cocos2d-x-3.0alpha1\qqextand\libqqexpand\shuiboaction.cpp(385): warning C4244: “初始化”: 从“const float”转换到“int”，可能丢失数据
     1>d:\wqq\cocos2dx\cocos2d-x-3.0alpha1\qqextand\libqqexpand\shuiboaction.cpp(397): warning C4244: “参数”: 从“float”转换到“size_t”，可能丢失数据
       Link:
         D:\Program Files (x86)\Microsoft Visual Studio 11.0\VC\bin\link.exe /ERRORREPORT:PROMPT /OUT:"D:\wqq\cocos2dx\cocos2d-x-3.0alpha1\build\Debug\libQQExpand.exe" /INCREMENTAL:NO /NOLOGO /LIBPATH:"D:\wqq\cocos2dx\cocos2d-x-3.0alpha1\build\Debug\\" opengl32.lib glew32.lib libzlib.lib libpng.lib libjpeg.lib libtiff.lib libwebp.lib libiconv.lib glfw3.lib freetype250.lib winmm.lib kernel32.lib user32.lib gdi32.lib winspool.lib comdlg32.lib advapi32.lib shell32.lib ole32.lib oleaut32.lib uuid.lib odbc32.lib odbccp32.lib /MANIFEST /MANIFESTUAC:"level='asInvoker' uiAccess='false'" /manifest:embed /DEBUG /PDB:"D:\wqq\cocos2dx\cocos2d-x-3.0alpha1\build\Debug\libQQExpand.pdb" /TLBID:1 /DYNAMICBASE /NXCOMPAT /IMPLIB:"D:\wqq\cocos2dx\cocos2d-x-3.0alpha1\build\Debug\libQQExpand.lib" /MACHINE:X86 Debug\ShuiboAction.obj
     1>LINK : fatal error LNK1181: 无法打开输入文件“glew32.lib”
     1>已完成生成项目“D:\wqq\cocos2dx\cocos2d-x-3.0alpha1\qqextand\libQQExpand\proj.win32\libQQExpand.vcxproj”(Build 个目标)的操作 - 失败。

生成失败。

已用时间 00:00:05.26
